d:\facultate\prelungire\prelungire-2024\oop\lab8-9\lab6-7\x64\debug\vc143.pdb
d:\facultate\prelungire\prelungire-2024\oop\lab8-9\lab6-7\x64\debug\vc143.idb
d:\facultate\prelungire\prelungire-2024\oop\lab8-9\lab6-7\x64\debug\activitate.nativecodeanalysis.sarif
d:\facultate\prelungire\prelungire-2024\oop\lab8-9\lab6-7\x64\debug\activitate.nativecodeanalysis.xml
d:\facultate\prelungire\prelungire-2024\oop\lab8-9\lab6-7\x64\debug\html_cos.nativecodeanalysis.sarif
d:\facultate\prelungire\prelungire-2024\oop\lab8-9\lab6-7\x64\debug\html_cos.nativecodeanalysis.xml
d:\facultate\prelungire\prelungire-2024\oop\lab8-9\lab6-7\x64\debug\lista.nativecodeanalysis.sarif
d:\facultate\prelungire\prelungire-2024\oop\lab8-9\lab6-7\x64\debug\lista.nativecodeanalysis.xml
d:\facultate\prelungire\prelungire-2024\oop\lab8-9\lab6-7\x64\debug\repository.nativecodeanalysis.sarif
d:\facultate\prelungire\prelungire-2024\oop\lab8-9\lab6-7\x64\debug\repository.nativecodeanalysis.xml
d:\facultate\prelungire\prelungire-2024\oop\lab8-9\lab6-7\x64\debug\service.nativecodeanalysis.sarif
d:\facultate\prelungire\prelungire-2024\oop\lab8-9\lab6-7\x64\debug\service.nativecodeanalysis.xml
d:\facultate\prelungire\prelungire-2024\oop\lab8-9\lab6-7\x64\debug\validator.nativecodeanalysis.sarif
d:\facultate\prelungire\prelungire-2024\oop\lab8-9\lab6-7\x64\debug\validator.nativecodeanalysis.xml
d:\facultate\prelungire\prelungire-2024\oop\lab8-9\lab6-7\x64\debug\validator.obj
d:\facultate\prelungire\prelungire-2024\oop\lab8-9\lab6-7\x64\debug\service.obj
d:\facultate\prelungire\prelungire-2024\oop\lab8-9\lab6-7\x64\debug\repository.obj
d:\facultate\prelungire\prelungire-2024\oop\lab8-9\lab6-7\x64\debug\lista.obj
d:\facultate\prelungire\prelungire-2024\oop\lab8-9\lab6-7\x64\debug\html_cos.obj
d:\facultate\prelungire\prelungire-2024\oop\lab8-9\lab6-7\x64\debug\activitate.obj
d:\facultate\prelungire\prelungire-2024\oop\lab8-9\lab6-7\x64\debug\repositoryfile.nativecodeanalysis.sarif
d:\facultate\prelungire\prelungire-2024\oop\lab8-9\lab6-7\x64\debug\repositoryfile.nativecodeanalysis.xml
d:\facultate\prelungire\prelungire-2024\oop\lab8-9\lab6-7\x64\debug\repositoryfile.obj
d:\facultate\prelungire\prelungire-2024\oop\lab8-9\lab6-7\x64\debug\teste.nativecodeanalysis.sarif
d:\facultate\prelungire\prelungire-2024\oop\lab8-9\lab6-7\x64\debug\teste.nativecodeanalysis.xml
d:\facultate\prelungire\prelungire-2024\oop\lab8-9\lab6-7\x64\debug\teste.obj
d:\facultate\prelungire\prelungire-2024\oop\lab8-9\lab6-7\x64\debug\lab8-9.nativecodeanalysis.sarif
d:\facultate\prelungire\prelungire-2024\oop\lab8-9\lab6-7\x64\debug\lab8-9.nativecodeanalysis.xml
d:\facultate\prelungire\prelungire-2024\oop\lab8-9\lab6-7\x64\debug\ui.nativecodeanalysis.sarif
d:\facultate\prelungire\prelungire-2024\oop\lab8-9\lab6-7\x64\debug\ui.nativecodeanalysis.xml
d:\facultate\prelungire\prelungire-2024\oop\lab8-9\lab6-7\x64\debug\ui.obj
d:\facultate\prelungire\prelungire-2024\oop\lab8-9\lab6-7\x64\debug\lab8-9.obj
d:\facultate\prelungire\prelungire-2024\oop\lab8-9\lab6-7\x64\debug\cos.nativecodeanalysis.sarif
d:\facultate\prelungire\prelungire-2024\oop\lab8-9\lab6-7\x64\debug\cos.nativecodeanalysis.xml
d:\facultate\prelungire\prelungire-2024\oop\lab8-9\lab6-7\x64\debug\cos.obj
d:\facultate\prelungire\prelungire-2024\oop\lab8-9\lab6-7\x64\debug\undo.nativecodeanalysis.sarif
d:\facultate\prelungire\prelungire-2024\oop\lab8-9\lab6-7\x64\debug\undo.nativecodeanalysis.xml
d:\facultate\prelungire\prelungire-2024\oop\lab8-9\lab6-7\x64\debug\undo.obj
d:\facultate\prelungire\prelungire-2024\oop\lab8-9\x64\debug\lab8-9.exe
d:\facultate\prelungire\prelungire-2024\oop\lab8-9\lab6-7\x64\debug\lab8-9.ilk
d:\facultate\prelungire\prelungire-2024\oop\lab8-9\x64\debug\lab8-9.pdb
d:\facultate\prelungire\prelungire-2024\oop\lab8-9\lab6-7\x64\debug\vc.nativecodeanalysis.all.xml
d:\facultate\prelungire\prelungire-2024\oop\lab8-9\lab6-7\x64\debug\lab8-9.tlog\cl.command.1.tlog
d:\facultate\prelungire\prelungire-2024\oop\lab8-9\lab6-7\x64\debug\lab8-9.tlog\cl.read.1.tlog
d:\facultate\prelungire\prelungire-2024\oop\lab8-9\lab6-7\x64\debug\lab8-9.tlog\cl.write.1.tlog
d:\facultate\prelungire\prelungire-2024\oop\lab8-9\lab6-7\x64\debug\lab8-9.tlog\link.command.1.tlog
d:\facultate\prelungire\prelungire-2024\oop\lab8-9\lab6-7\x64\debug\lab8-9.tlog\link.read.1.tlog
d:\facultate\prelungire\prelungire-2024\oop\lab8-9\lab6-7\x64\debug\lab8-9.tlog\link.write.1.tlog
